Determining if the pthread_create exist failed with the following output:
Change Dir: /home/jiang/1_code/AP2.0/tfPCD/cmake-build-debug/CMakeFiles/CMakeTmp

Run Build Command(s):/usr/bin/make cmTC_87152/fast 
/usr/bin/make -f CMakeFiles/cmTC_87152.dir/build.make CMakeFiles/cmTC_87152.dir/build
make[1]: Entering directory '/home/jiang/1_code/AP2.0/tfPCD/cmake-build-debug/CMakeFiles/CMakeTmp'
Building C object CMakeFiles/cmTC_87152.dir/CheckSymbolExists.c.o
/usr/bin/cc    -o CMakeFiles/cmTC_87152.dir/CheckSymbolExists.c.o   -c /home/jiang/1_code/AP2.0/tfPCD/cmake-build-debug/CMakeFiles/CMakeTmp/CheckSymbolExists.c
Linking C executable cmTC_87152
/home/jiang/5_software/clion-2019.2/bin/cmake/linux/bin/cmake -E cmake_link_script CMakeFiles/cmTC_87152.dir/link.txt --verbose=1
/usr/bin/cc      -rdynamic CMakeFiles/cmTC_87152.dir/CheckSymbolExists.c.o  -o cmTC_87152 
CMakeFiles/cmTC_87152.dir/CheckSymbolExists.c.o: In function `main':
CheckSymbolExists.c:(.text+0x16): undefined reference to `pthread_create'
collect2: error: ld returned 1 exit status
CMakeFiles/cmTC_87152.dir/build.make:86: recipe for target 'cmTC_87152' failed
make[1]: *** [cmTC_87152] Error 1
make[1]: Leaving directory '/home/jiang/1_code/AP2.0/tfPCD/cmake-build-debug/CMakeFiles/CMakeTmp'
Makefile:121: recipe for target 'cmTC_87152/fast' failed
make: *** [cmTC_87152/fast] Error 2

File /home/jiang/1_code/AP2.0/tfPCD/cmake-build-debug/CMakeFiles/CMakeTmp/CheckSymbolExists.c:
/* */
#include <pthread.h>

int main(int argc, char** argv)
{
  (void)argv;
#ifndef pthread_create
  return ((int*)(&pthread_create))[argc];
#else
  (void)argc;
  return 0;
#endif
}

Determining if the function pthread_create exists in the pthreads failed with the following output:
Change Dir: /home/jiang/1_code/AP2.0/tfPCD/cmake-build-debug/CMakeFiles/CMakeTmp

Run Build Command(s):/usr/bin/make cmTC_dc7ef/fast 
/usr/bin/make -f CMakeFiles/cmTC_dc7ef.dir/build.make CMakeFiles/cmTC_dc7ef.dir/build
make[1]: Entering directory '/home/jiang/1_code/AP2.0/tfPCD/cmake-build-debug/CMakeFiles/CMakeTmp'
Building C object CMakeFiles/cmTC_dc7ef.dir/CheckFunctionExists.c.o
/usr/bin/cc   -DCHECK_FUNCTION_EXISTS=pthread_create   -o CMakeFiles/cmTC_dc7ef.dir/CheckFunctionExists.c.o   -c /home/jiang/5_software/clion-2019.2/bin/cmake/linux/share/cmake-3.14/Modules/CheckFunctionExists.c
Linking C executable cmTC_dc7ef
/home/jiang/5_software/clion-2019.2/bin/cmake/linux/bin/cmake -E cmake_link_script CMakeFiles/cmTC_dc7ef.dir/link.txt --verbose=1
/usr/bin/cc  -DCHECK_FUNCTION_EXISTS=pthread_create    -rdynamic CMakeFiles/cmTC_dc7ef.dir/CheckFunctionExists.c.o  -o cmTC_dc7ef -lpthreads 
/usr/bin/ld: cannot find -lpthreads
collect2: error: ld returned 1 exit status
CMakeFiles/cmTC_dc7ef.dir/build.make:86: recipe for target 'cmTC_dc7ef' failed
make[1]: *** [cmTC_dc7ef] Error 1
make[1]: Leaving directory '/home/jiang/1_code/AP2.0/tfPCD/cmake-build-debug/CMakeFiles/CMakeTmp'
Makefile:121: recipe for target 'cmTC_dc7ef/fast' failed
make: *** [cmTC_dc7ef/fast] Error 2


