  pcl2las.cpp
e:\3_lib\pcl180\include\pcl-1.8\pcl\point_traits.h : warning C4819: 该文件包含不能在当前代码页(936)中表示的字符。请将该文件保存为 Unicode 格式以防止数据丢失
e:\3_lib\pcl180\include\pcl-1.8\pcl\visualization\interactor_style.h : warning C4819: 该文件包含不能在当前代码页(936)中表示的字符。请将该文件保存为 Unicode 格式以防止数据丢失
e:\3_lib\pcl180\include\pcl-1.8\pcl\visualization\pcl_visualizer.h(1618): warning C4819: 该文件包含不能在当前代码页(936)中表示的字符。请将该文件保存为 Unicode 格式以防止数据丢失
e:\3_lib\lastools\laszip\src\lasattributer.hpp(79): warning C4996: 'strncpy': This function or variable may be unsafe. Consider using strncpy_s instead. To disable deprecation, use _CRT_SECURE_NO_WARNINGS. See online help for details.
  c:\program files (x86)\windows kits\10\include\10.0.10240.0\ucrt\string.h(346): note: 参见“strncpy”的声明
e:\3_lib\lastools\laszip\src\lasattributer.hpp(80): warning C4996: 'strncpy': This function or variable may be unsafe. Consider using strncpy_s instead. To disable deprecation, use _CRT_SECURE_NO_WARNINGS. See online help for details.
  c:\program files (x86)\windows kits\10\include\10.0.10240.0\ucrt\string.h(346): note: 参见“strncpy”的声明
e:\3_lib\lastools\laslib\inc\lasdefinitions.hpp(555): warning C4996: 'strncpy': This function or variable may be unsafe. Consider using strncpy_s instead. To disable deprecation, use _CRT_SECURE_NO_WARNINGS. See online help for details.
  c:\program files (x86)\windows kits\10\include\10.0.10240.0\ucrt\string.h(346): note: 参见“strncpy”的声明
e:\3_lib\lastools\laslib\inc\lasdefinitions.hpp(564): warning C4996: 'sprintf': This function or variable may be unsafe. Consider using sprintf_s instead. To disable deprecation, use _CRT_SECURE_NO_WARNINGS. See online help for details.
  c:\program files (x86)\windows kits\10\include\10.0.10240.0\ucrt\stdio.h(1769): note: 参见“sprintf”的声明
e:\3_lib\lastools\laslib\inc\lasdefinitions.hpp(568): warning C4996: 'sprintf': This function or variable may be unsafe. Consider using sprintf_s instead. To disable deprecation, use _CRT_SECURE_NO_WARNINGS. See online help for details.
  c:\program files (x86)\windows kits\10\include\10.0.10240.0\ucrt\stdio.h(1769): note: 参见“sprintf”的声明
e:\1_code\pcd2las\pcd2las\pcl2las.cpp(44): warning C4996: 'strcpy': This function or variable may be unsafe. Consider using strcpy_s instead. To disable deprecation, use _CRT_SECURE_NO_WARNINGS. See online help for details.
  c:\program files (x86)\windows kits\10\include\10.0.10240.0\ucrt\string.h(119): note: 参见“strcpy”的声明
e:\app\vs2015\vc\include\xmemory(102): warning C4996: 'std::uninitialized_copy::_Unchecked_iterators::_Deprecate': Call to 'std::uninitialized_copy' with parameters that may be unsafe - this call relies on the caller to check that the passed values are correct. To disable this warning, use -D_SCL_SECURE_NO_WARNINGS. See documentation on how to use Visual C++ 'Checked Iterators'
  e:\app\vs2015\vc\include\xmemory(102): note: 参见“std::uninitialized_copy::_Unchecked_iterators::_Deprecate”的声明
  e:\3_lib\pcl180\3rdparty\boost\include\boost-1_61\boost\signals2\detail\auto_buffer.hpp(191): note: 参见对正在编译的函数 模板 实例化“_FwdIt *std::uninitialized_copy<I,boost::shared_ptr<void>*>(_InIt,_InIt,_FwdIt)”的引用
          with
          [
              _FwdIt=boost::shared_ptr<void> *,
              I=boost::shared_ptr<void> *,
              _InIt=boost::shared_ptr<void> *
          ]
  e:\3_lib\pcl180\3rdparty\boost\include\boost-1_61\boost\signals2\detail\auto_buffer.hpp(178): note: 参见对正在编译的函数 模板 实例化“void boost::signals2::detail::auto_buffer<boost::shared_ptr<void>,boost::signals2::detail::store_n_objects<10>,boost::signals2::detail::default_grow_policy,std::allocator<T>>::copy_rai<I,false>(I,I,boost::shared_ptr<void> *,const boost::integral_constant<bool,false> &)”的引用
          with
          [
              T=boost::shared_ptr<void>,
              I=boost::shared_ptr<void> *
          ]
  e:\3_lib\pcl180\3rdparty\boost\include\boost-1_61\boost\signals2\detail\auto_buffer.hpp(178): note: 参见对正在编译的函数 模板 实例化“void boost::signals2::detail::auto_buffer<boost::shared_ptr<void>,boost::signals2::detail::store_n_objects<10>,boost::signals2::detail::default_grow_policy,std::allocator<T>>::copy_rai<I,false>(I,I,boost::shared_ptr<void> *,const boost::integral_constant<bool,false> &)”的引用
          with
          [
              T=boost::shared_ptr<void>,
              I=boost::shared_ptr<void> *
          ]
  e:\3_lib\pcl180\3rdparty\boost\include\boost-1_61\boost\signals2\detail\auto_buffer.hpp(204): note: 参见对正在编译的函数 模板 实例化“void boost::signals2::detail::auto_buffer<boost::shared_ptr<void>,boost::signals2::detail::store_n_objects<10>,boost::signals2::detail::default_grow_policy,std::allocator<T>>::copy_impl<I>(I,I,boost::shared_ptr<void> *,std::random_access_iterator_tag)”的引用
          with
          [
              T=boost::shared_ptr<void>,
              I=boost::shared_ptr<void> *
          ]
  e:\3_lib\pcl180\3rdparty\boost\include\boost-1_61\boost\signals2\detail\auto_buffer.hpp(203): note: 参见对正在编译的函数 模板 实例化“void boost::signals2::detail::auto_buffer<boost::shared_ptr<void>,boost::signals2::detail::store_n_objects<10>,boost::signals2::detail::default_grow_policy,std::allocator<T>>::copy_impl<I>(I,I,boost::shared_ptr<void> *,std::random_access_iterator_tag)”的引用
          with
          [
              T=boost::shared_ptr<void>,
              I=boost::shared_ptr<void> *
          ]
  e:\3_lib\pcl180\3rdparty\boost\include\boost-1_61\boost\signals2\detail\auto_buffer.hpp(296): note: 参见对正在编译的函数 模板 实例化“void boost::signals2::detail::auto_buffer<boost::shared_ptr<void>,boost::signals2::detail::store_n_objects<10>,boost::signals2::detail::default_grow_policy,std::allocator<T>>::copy_impl<boost::shared_ptr<void>*>(I,I,boost::shared_ptr<void> *)”的引用
          with
          [
              T=boost::shared_ptr<void>,
              I=boost::shared_ptr<void> *
          ]
  e:\3_lib\pcl180\3rdparty\boost\include\boost-1_61\boost\signals2\detail\auto_buffer.hpp(296): note: 参见对正在编译的函数 模板 实例化“void boost::signals2::detail::auto_buffer<boost::shared_ptr<void>,boost::signals2::detail::store_n_objects<10>,boost::signals2::detail::default_grow_policy,std::allocator<T>>::copy_impl<boost::shared_ptr<void>*>(I,I,boost::shared_ptr<void> *)”的引用
          with
          [
              T=boost::shared_ptr<void>,
              I=boost::shared_ptr<void> *
          ]
  e:\3_lib\pcl180\3rdparty\boost\include\boost-1_61\boost\signals2\detail\auto_buffer.hpp(294): note: 编译类 模板 成员函数“boost::shared_ptr<void> *boost::signals2::detail::auto_buffer<boost::shared_ptr<void>,boost::signals2::detail::store_n_objects<10>,boost::signals2::detail::default_grow_policy,std::allocator<T>>::move_to_new_buffer(unsigned __int64,const boost::true_type &)”时
          with
          [
              T=boost::shared_ptr<void>
          ]
  e:\3_lib\pcl180\3rdparty\boost\include\boost-1_61\boost\signals2\detail\auto_buffer.hpp(302): note: 参见对正在编译的函数 模板 实例化“boost::shared_ptr<void> *boost::signals2::detail::auto_buffer<boost::shared_ptr<void>,boost::signals2::detail::store_n_objects<10>,boost::signals2::detail::default_grow_policy,std::allocator<T>>::move_to_new_buffer(unsigned __int64,const boost::true_type &)”的引用
          with
          [
              T=boost::shared_ptr<void>
          ]
  e:\3_lib\pcl180\3rdparty\boost\include\boost-1_61\boost\signals2\connection.hpp(53): note: 参见对正在编译的类 模板 实例化“boost::signals2::detail::auto_buffer<boost::shared_ptr<void>,boost::signals2::detail::store_n_objects<10>,boost::signals2::detail::default_grow_policy,std::allocator<T>>”的引用
          with
          [
              T=boost::shared_ptr<void>
          ]
  e:\3_lib\pcl180\3rdparty\boost\include\boost-1_61\boost\signals2\connection.hpp(55): note: 参见对正在编译的类 模板 实例化“boost::signals2::detail::garbage_collecting_lock<Mutex>”的引用
  Pcd2Las.vcxproj -> E:\1_code\Pcd2Las\x64\Debug\Pcd2Las.exe
  Pcd2Las.vcxproj -> E:\1_code\Pcd2Las\x64\Debug\Pcd2Las.pdb (Full PDB)
